17:29:47.925 debug: 2026/7/16 17:29:47
17:29:47.926 debug: Project: E:\TU assignment\第2周\PA demo\PA-demo-game1\PA-demo-game1\project\NewProject
17:29:47.926 debug: Targets: editor,preview
17:29:47.928 debug: Incremental file seems great.
17:29:47.929 debug: Engine path: D:\Cocos 3.8.8\Creator\3.8.8\resources\resources\3d\engine
17:29:47.937 debug: Initializing target [Editor]
17:29:47.937 debug: Loading cache
17:29:47.939 debug: Loading cache costs 1.193699999999808ms.
17:29:47.939 debug: Engine features shipped in editor: base,gfx-webgl,gfx-webgl2,gfx-empty,gfx-webgpu,3d,animation,skeletal-animation,2d,rich-text,mask,graphics,ui-skew,ui,affine-transform,sorting-2d,particle,particle-2d,physics-framework,physics-cannon,physics-physx,physics-ammo,physics-builtin,physics-2d-framework,physics-2d-box2d-jsb,physics-2d-box2d,physics-2d-builtin,physics-2d-box2d-wasm,intersection-2d,primitive,profiler,occlusion-query,geometry-renderer,debug-renderer,audio,video,xr,light-probe,terrain,webview,tween,tiled-map,vendor-google,spine-3.8,spine-4.2,dragon-bones,marionette,procedural-animation,custom-pipeline,custom-pipeline-builtin-scripts,custom-pipeline-post-process,legacy-pipeline,websocket,websocket-server,meshopt
17:29:47.939 debug: Our import map(foo:/bar): {
  "imports": {
    "cc": "cce:/internal/x/cc"
  }
}
17:29:47.939 debug: Initializing target [Preview]
17:29:47.939 debug: Loading cache
17:29:47.940 debug: Loading cache costs 0.5486000000000786ms.
17:29:47.940 debug: Our import map(foo:/bar): {
  "imports": {
    "cc": "cce:/internal/x/cc"
  }
}
17:29:47.964 debug: Sync engine features: 2d,3d,affine-transform,animation,audio,base,custom-pipeline,dragon-bones,gfx-webgl,gfx-webgl2,graphics,intersection-2d,mask,particle-2d,physics-2d-box2d,primitive,profiler,rich-text,spine-3.8,tiled-map,tween,ui,video,webview
17:29:47.967 debug: Reset databases. Enumerated domains: [
  {
    "root": "db://internal/",
    "physical": "D:\\Cocos 3.8.8\\Creator\\3.8.8\\resources\\resources\\3d\\engine\\editor\\assets"
  },
  {
    "root": "db://assets/",
    "physical": "E:\\TU assignment\\第2周\\PA demo\\PA-demo-game1\\PA-demo-game1\\project\\NewProject\\assets"
  }
]
17:29:47.967 debug: Our import map(foo:/bar): {
  "imports": {
    "cc": "cce:/internal/x/cc",
    "db://internal/": "file:///D:/Cocos%203.8.8/Creator/3.8.8/resources/resources/3d/engine/editor/assets/",
    "db://assets/": "file:///E:/TU%20assignment/%E7%AC%AC2%E5%91%A8/PA%20demo/PA-demo-game1/PA-demo-game1/project/NewProject/assets/"
  }
}
17:29:47.969 debug: Our import map(foo:/bar): {
  "imports": {
    "cc": "cce:/internal/x/cc",
    "db://internal/": "file:///D:/Cocos%203.8.8/Creator/3.8.8/resources/resources/3d/engine/editor/assets/",
    "db://assets/": "file:///E:/TU%20assignment/%E7%AC%AC2%E5%91%A8/PA%20demo/PA-demo-game1/PA-demo-game1/project/NewProject/assets/"
  }
}
17:29:47.970 debug: Pulling asset-db.
17:29:47.973 debug: Fetch asset-db cost: 2.683600000000297ms.
17:29:47.975 debug: Build iteration starts.
Number of accumulated asset changes: 8
Feature changed: false
17:29:47.975 debug: Target(editor) build started.
17:29:47.979 debug: Detected change: cce:/internal/x/cc. Last mtime: Thu Jan 01 1970 08:00:05 GMT+0800 (中国标准时间), Current mtime: Thu Jan 01 1970 08:00:11 GMT+0800 (中国标准时间)
17:29:47.979 debug: Inspect cce:/internal/x/cc
17:29:48.021 debug: transform url: 'cce:/internal/x/cc' costs: 41.60 ms
17:29:48.023 debug: Resolve cce:/internal/x/cc-fu/base from cce:/internal/x/cc as external dependency cce:/internal/x/cc-fu/base.
17:29:48.023 debug: Resolve cce:/internal/x/cc-fu/gfx-webgl from cce:/internal/x/cc as external dependency cce:/internal/x/cc-fu/gfx-webgl.
17:29:48.023 debug: Resolve cce:/internal/x/cc-fu/gfx-webgl2 from cce:/internal/x/cc as external dependency cce:/internal/x/cc-fu/gfx-webgl2.
17:29:48.023 debug: Resolve cce:/internal/x/cc-fu/gfx-empty from cce:/internal/x/cc as external dependency cce:/internal/x/cc-fu/gfx-empty.
17:29:48.023 debug: Resolve cce:/internal/x/cc-fu/gfx-webgpu from cce:/internal/x/cc as external dependency cce:/internal/x/cc-fu/gfx-webgpu.
17:29:48.023 debug: Resolve cce:/internal/x/cc-fu/3d from cce:/internal/x/cc as external dependency cce:/internal/x/cc-fu/3d.
17:29:48.023 debug: Resolve cce:/internal/x/cc-fu/animation from cce:/internal/x/cc as external dependency cce:/internal/x/cc-fu/animation.
17:29:48.023 debug: Resolve cce:/internal/x/cc-fu/skeletal-animation from cce:/internal/x/cc as external dependency cce:/internal/x/cc-fu/skeletal-animation.
17:29:48.023 debug: Resolve cce:/internal/x/cc-fu/2d from cce:/internal/x/cc as external dependency cce:/internal/x/cc-fu/2d.
17:29:48.023 debug: Resolve cce:/internal/x/cc-fu/sorting from cce:/internal/x/cc as external dependency cce:/internal/x/cc-fu/sorting.
17:29:48.023 debug: Resolve cce:/internal/x/cc-fu/rich-text from cce:/internal/x/cc as external dependency cce:/internal/x/cc-fu/rich-text.
17:29:48.023 debug: Resolve cce:/internal/x/cc-fu/mask from cce:/internal/x/cc as external dependency cce:/internal/x/cc-fu/mask.
17:29:48.023 debug: Resolve cce:/internal/x/cc-fu/graphics from cce:/internal/x/cc as external dependency cce:/internal/x/cc-fu/graphics.
17:29:48.023 debug: Resolve cce:/internal/x/cc-fu/ui-skew from cce:/internal/x/cc as external dependency cce:/internal/x/cc-fu/ui-skew.
17:29:48.023 debug: Resolve cce:/internal/x/cc-fu/ui from cce:/internal/x/cc as external dependency cce:/internal/x/cc-fu/ui.
17:29:48.023 debug: Resolve cce:/internal/x/cc-fu/affine-transform from cce:/internal/x/cc as external dependency cce:/internal/x/cc-fu/affine-transform.
17:29:48.023 debug: Resolve cce:/internal/x/cc-fu/sorting-2d from cce:/internal/x/cc as external dependency cce:/internal/x/cc-fu/sorting-2d.
17:29:48.023 debug: Resolve cce:/internal/x/cc-fu/particle from cce:/internal/x/cc as external dependency cce:/internal/x/cc-fu/particle.
17:29:48.023 debug: Resolve cce:/internal/x/cc-fu/particle-2d from cce:/internal/x/cc as external dependency cce:/internal/x/cc-fu/particle-2d.
17:29:48.023 debug: Resolve cce:/internal/x/cc-fu/physics-framework from cce:/internal/x/cc as external dependency cce:/internal/x/cc-fu/physics-framework.
17:29:48.023 debug: Resolve cce:/internal/x/cc-fu/physics-cannon from cce:/internal/x/cc as external dependency cce:/internal/x/cc-fu/physics-cannon.
17:29:48.023 debug: Resolve cce:/internal/x/cc-fu/physics-physx from cce:/internal/x/cc as external dependency cce:/internal/x/cc-fu/physics-physx.
17:29:48.023 debug: Resolve cce:/internal/x/cc-fu/physics-ammo from cce:/internal/x/cc as external dependency cce:/internal/x/cc-fu/physics-ammo.
17:29:48.023 debug: Resolve cce:/internal/x/cc-fu/physics-builtin from cce:/internal/x/cc as external dependency cce:/internal/x/cc-fu/physics-builtin.
17:29:48.023 debug: Resolve cce:/internal/x/cc-fu/physics-2d-framework from cce:/internal/x/cc as external dependency cce:/internal/x/cc-fu/physics-2d-framework.
17:29:48.024 debug: Resolve cce:/internal/x/cc-fu/physics-2d-box2d-jsb from cce:/internal/x/cc as external dependency cce:/internal/x/cc-fu/physics-2d-box2d-jsb.
17:29:48.024 debug: Resolve cce:/internal/x/cc-fu/physics-2d-box2d from cce:/internal/x/cc as external dependency cce:/internal/x/cc-fu/physics-2d-box2d.
17:29:48.024 debug: Resolve cce:/internal/x/cc-fu/physics-2d-builtin from cce:/internal/x/cc as external dependency cce:/internal/x/cc-fu/physics-2d-builtin.
17:29:48.024 debug: Resolve cce:/internal/x/cc-fu/physics-2d-box2d-wasm from cce:/internal/x/cc as external dependency cce:/internal/x/cc-fu/physics-2d-box2d-wasm.
17:29:48.024 debug: Resolve cce:/internal/x/cc-fu/intersection-2d from cce:/internal/x/cc as external dependency cce:/internal/x/cc-fu/intersection-2d.
17:29:48.024 debug: Resolve cce:/internal/x/cc-fu/primitive from cce:/internal/x/cc as external dependency cce:/internal/x/cc-fu/primitive.
17:29:48.024 debug: Resolve cce:/internal/x/cc-fu/profiler from cce:/internal/x/cc as external dependency cce:/internal/x/cc-fu/profiler.
17:29:48.024 debug: Resolve cce:/internal/x/cc-fu/geometry-renderer from cce:/internal/x/cc as external dependency cce:/internal/x/cc-fu/geometry-renderer.
17:29:48.024 debug: Resolve cce:/internal/x/cc-fu/audio from cce:/internal/x/cc as external dependency cce:/internal/x/cc-fu/audio.
17:29:48.024 debug: Resolve cce:/internal/x/cc-fu/video from cce:/internal/x/cc as external dependency cce:/internal/x/cc-fu/video.
17:29:48.024 debug: Resolve cce:/internal/x/cc-fu/xr from cce:/internal/x/cc as external dependency cce:/internal/x/cc-fu/xr.
17:29:48.024 debug: Resolve cce:/internal/x/cc-fu/light-probe from cce:/internal/x/cc as external dependency cce:/internal/x/cc-fu/light-probe.
17:29:48.024 debug: Resolve cce:/internal/x/cc-fu/terrain from cce:/internal/x/cc as external dependency cce:/internal/x/cc-fu/terrain.
17:29:48.024 debug: Resolve cce:/internal/x/cc-fu/webview from cce:/internal/x/cc as external dependency cce:/internal/x/cc-fu/webview.
17:29:48.024 debug: Resolve cce:/internal/x/cc-fu/tween from cce:/internal/x/cc as external dependency cce:/internal/x/cc-fu/tween.
17:29:48.024 debug: Resolve cce:/internal/x/cc-fu/tiled-map from cce:/internal/x/cc as external dependency cce:/internal/x/cc-fu/tiled-map.
17:29:48.024 debug: Resolve cce:/internal/x/cc-fu/vendor-google from cce:/internal/x/cc as external dependency cce:/internal/x/cc-fu/vendor-google.
17:29:48.024 debug: Resolve cce:/internal/x/cc-fu/spine from cce:/internal/x/cc as external dependency cce:/internal/x/cc-fu/spine.
17:29:48.024 debug: Resolve cce:/internal/x/cc-fu/dragon-bones from cce:/internal/x/cc as external dependency cce:/internal/x/cc-fu/dragon-bones.
17:29:48.024 debug: Resolve cce:/internal/x/cc-fu/custom-pipeline from cce:/internal/x/cc as external dependency cce:/internal/x/cc-fu/custom-pipeline.
17:29:48.024 debug: Resolve cce:/internal/x/cc-fu/custom-pipeline-post-process from cce:/internal/x/cc as external dependency cce:/internal/x/cc-fu/custom-pipeline-post-process.
17:29:48.024 debug: Resolve cce:/internal/x/cc-fu/legacy-pipeline from cce:/internal/x/cc as external dependency cce:/internal/x/cc-fu/legacy-pipeline.
17:29:48.024 debug: Detected change: cce:/internal/x/prerequisite-imports. Last mtime: Thu Jan 01 1970 10:05:30 GMT+0800 (中国标准时间), Current mtime: Thu Jan 01 1970 08:00:11 GMT+0800 (中国标准时间)
17:29:48.024 debug: Inspect cce:/internal/x/prerequisite-imports
17:29:48.037 debug: transform url: 'cce:/internal/x/prerequisite-imports' costs: 13.30 ms
17:29:48.040 debug: Resolve file:///D:/Cocos%203.8.8/Creator/3.8.8/resources/resources/3d/engine/editor/assets/default_renderpipeline/builtin-dof-pass.ts from cce:/internal/x/prerequisite-imports as file:///D:/Cocos%203.8.8/Creator/3.8.8/resources/resources/3d/engine/editor/assets/default_renderpipeline/builtin-dof-pass.ts.
17:29:48.040 debug: Inspect file:///D:/Cocos%203.8.8/Creator/3.8.8/resources/resources/3d/engine/editor/assets/default_renderpipeline/builtin-dof-pass.ts
17:29:48.121 debug: transform url: 'file:///D:/Cocos%203.8.8/Creator/3.8.8/resources/resources/3d/engine/editor/assets/default_renderpipeline/builtin-dof-pass.ts' costs: 80.70 ms
17:29:48.124 debug: Resolve file:///D:/Cocos%203.8.8/Creator/3.8.8/resources/resources/3d/engine/editor/assets/default_renderpipeline/builtin-pipeline-pass.ts from cce:/internal/x/prerequisite-imports as file:///D:/Cocos%203.8.8/Creator/3.8.8/resources/resources/3d/engine/editor/assets/default_renderpipeline/builtin-pipeline-pass.ts.
17:29:48.125 debug: Inspect file:///D:/Cocos%203.8.8/Creator/3.8.8/resources/resources/3d/engine/editor/assets/default_renderpipeline/builtin-pipeline-pass.ts
17:29:48.148 debug: transform url: 'file:///D:/Cocos%203.8.8/Creator/3.8.8/resources/resources/3d/engine/editor/assets/default_renderpipeline/builtin-pipeline-pass.ts' costs: 22.90 ms
17:29:48.152 debug: Resolve file:///D:/Cocos%203.8.8/Creator/3.8.8/resources/resources/3d/engine/editor/assets/default_renderpipeline/builtin-pipeline-settings.ts from cce:/internal/x/prerequisite-imports as file:///D:/Cocos%203.8.8/Creator/3.8.8/resources/resources/3d/engine/editor/assets/default_renderpipeline/builtin-pipeline-settings.ts.
17:29:48.152 debug: Inspect file:///D:/Cocos%203.8.8/Creator/3.8.8/resources/resources/3d/engine/editor/assets/default_renderpipeline/builtin-pipeline-settings.ts
17:29:48.229 debug: transform url: 'file:///D:/Cocos%203.8.8/Creator/3.8.8/resources/resources/3d/engine/editor/assets/default_renderpipeline/builtin-pipeline-settings.ts' costs: 77.10 ms
17:29:48.233 debug: Resolve file:///D:/Cocos%203.8.8/Creator/3.8.8/resources/resources/3d/engine/editor/assets/default_renderpipeline/builtin-pipeline-types.ts from cce:/internal/x/prerequisite-imports as file:///D:/Cocos%203.8.8/Creator/3.8.8/resources/resources/3d/engine/editor/assets/default_renderpipeline/builtin-pipeline-types.ts.
17:29:48.233 debug: Inspect file:///D:/Cocos%203.8.8/Creator/3.8.8/resources/resources/3d/engine/editor/assets/default_renderpipeline/builtin-pipeline-types.ts
17:29:48.262 debug: transform url: 'file:///D:/Cocos%203.8.8/Creator/3.8.8/resources/resources/3d/engine/editor/assets/default_renderpipeline/builtin-pipeline-types.ts' costs: 28.90 ms
17:29:48.266 debug: Resolve file:///D:/Cocos%203.8.8/Creator/3.8.8/resources/resources/3d/engine/editor/assets/default_renderpipeline/builtin-pipeline.ts from cce:/internal/x/prerequisite-imports as file:///D:/Cocos%203.8.8/Creator/3.8.8/resources/resources/3d/engine/editor/assets/default_renderpipeline/builtin-pipeline.ts.
17:29:48.266 debug: Inspect file:///D:/Cocos%203.8.8/Creator/3.8.8/resources/resources/3d/engine/editor/assets/default_renderpipeline/builtin-pipeline.ts
17:29:48.444 debug: transform url: 'file:///D:/Cocos%203.8.8/Creator/3.8.8/resources/resources/3d/engine/editor/assets/default_renderpipeline/builtin-pipeline.ts' costs: 178.00 ms
17:29:48.449 debug: Resolve file:///D:/Cocos%203.8.8/Creator/3.8.8/resources/resources/3d/engine/editor/assets/tools/debug-view-runtime-control.ts from cce:/internal/x/prerequisite-imports as file:///D:/Cocos%203.8.8/Creator/3.8.8/resources/resources/3d/engine/editor/assets/tools/debug-view-runtime-control.ts.
17:29:48.449 debug: Inspect file:///D:/Cocos%203.8.8/Creator/3.8.8/resources/resources/3d/engine/editor/assets/tools/debug-view-runtime-control.ts
17:29:48.498 debug: transform url: 'file:///D:/Cocos%203.8.8/Creator/3.8.8/resources/resources/3d/engine/editor/assets/tools/debug-view-runtime-control.ts' costs: 48.30 ms
17:29:48.502 debug: Resolve file:///E:/TU%20assignment/%E7%AC%AC2%E5%91%A8/PA%20demo/PA-demo-game1/PA-demo-game1/project/NewProject/assets/scripts/PADemo.ts from cce:/internal/x/prerequisite-imports as file:///E:/TU%20assignment/%E7%AC%AC2%E5%91%A8/PA%20demo/PA-demo-game1/PA-demo-game1/project/NewProject/assets/scripts/PADemo.ts.
17:29:48.502 debug: Inspect file:///E:/TU%20assignment/%E7%AC%AC2%E5%91%A8/PA%20demo/PA-demo-game1/PA-demo-game1/project/NewProject/assets/scripts/PADemo.ts
17:29:48.681 debug: transform url: 'file:///E:/TU%20assignment/%E7%AC%AC2%E5%91%A8/PA%20demo/PA-demo-game1/PA-demo-game1/project/NewProject/assets/scripts/PADemo.ts' costs: 178.70 ms
17:29:48.685 debug: Resolve file:///E:/TU%20assignment/%E7%AC%AC2%E5%91%A8/PA%20demo/PA-demo-game1/PA-demo-game1/project/NewProject/assets/scripts/ProceduralFactory.ts from cce:/internal/x/prerequisite-imports as file:///E:/TU%20assignment/%E7%AC%AC2%E5%91%A8/PA%20demo/PA-demo-game1/PA-demo-game1/project/NewProject/assets/scripts/ProceduralFactory.ts.
17:29:48.685 debug: Inspect file:///E:/TU%20assignment/%E7%AC%AC2%E5%91%A8/PA%20demo/PA-demo-game1/PA-demo-game1/project/NewProject/assets/scripts/ProceduralFactory.ts
17:29:48.718 debug: transform url: 'file:///E:/TU%20assignment/%E7%AC%AC2%E5%91%A8/PA%20demo/PA-demo-game1/PA-demo-game1/project/NewProject/assets/scripts/ProceduralFactory.ts' costs: 33.40 ms
17:29:48.721 debug: Resolve cce:/internal/code-quality/cr.mjs from file:///D:/Cocos%203.8.8/Creator/3.8.8/resources/resources/3d/engine/editor/assets/default_renderpipeline/builtin-dof-pass.ts as cce:/internal/code-quality/cr.mjs.
17:29:48.721 debug: Detected change: cce:/internal/code-quality/cr.mjs. Last mtime: Thu Jul 16 2026 13:23:10 GMT+0800 (中国标准时间), Current mtime: Thu Jul 16 2026 17:29:36 GMT+0800 (中国标准时间)
17:29:48.721 debug: Inspect cce:/internal/code-quality/cr.mjs
17:29:48.728 debug: transform url: 'cce:/internal/code-quality/cr.mjs' costs: 6.50 ms
17:29:48.730 debug: Resolve cc from file:///D:/Cocos%203.8.8/Creator/3.8.8/resources/resources/3d/engine/editor/assets/default_renderpipeline/builtin-dof-pass.ts as cce:/internal/x/cc.
17:29:48.730 debug: Resolve cc from file:///D:/Cocos%203.8.8/Creator/3.8.8/resources/resources/3d/engine/editor/assets/default_renderpipeline/builtin-dof-pass.ts as cce:/internal/x/cc.
17:29:48.730 debug: Resolve cc from file:///D:/Cocos%203.8.8/Creator/3.8.8/resources/resources/3d/engine/editor/assets/default_renderpipeline/builtin-dof-pass.ts as cce:/internal/x/cc.
17:29:48.730 debug: Resolve cc/env from file:///D:/Cocos%203.8.8/Creator/3.8.8/resources/resources/3d/engine/editor/assets/default_renderpipeline/builtin-dof-pass.ts as external dependency cc/env.
17:29:48.731 debug: Resolve ./builtin-pipeline-settings from file:///D:/Cocos%203.8.8/Creator/3.8.8/resources/resources/3d/engine/editor/assets/default_renderpipeline/builtin-dof-pass.ts as file:///D:/Cocos%203.8.8/Creator/3.8.8/resources/resources/3d/engine/editor/assets/default_renderpipeline/builtin-pipeline-settings.ts.
17:29:48.732 debug: Resolve ./builtin-pipeline-pass from file:///D:/Cocos%203.8.8/Creator/3.8.8/resources/resources/3d/engine/editor/assets/default_renderpipeline/builtin-dof-pass.ts as file:///D:/Cocos%203.8.8/Creator/3.8.8/resources/resources/3d/engine/editor/assets/default_renderpipeline/builtin-pipeline-pass.ts.
17:29:48.733 debug: Resolve ./builtin-pipeline from file:///D:/Cocos%203.8.8/Creator/3.8.8/resources/resources/3d/engine/editor/assets/default_renderpipeline/builtin-dof-pass.ts as file:///D:/Cocos%203.8.8/Creator/3.8.8/resources/resources/3d/engine/editor/assets/default_renderpipeline/builtin-pipeline.ts.
17:29:48.733 debug: Resolve cce:/internal/code-quality/cr.mjs from file:///D:/Cocos%203.8.8/Creator/3.8.8/resources/resources/3d/engine/editor/assets/default_renderpipeline/builtin-pipeline-settings.ts as cce:/internal/code-quality/cr.mjs.
17:29:48.733 debug: Resolve cc from file:///D:/Cocos%203.8.8/Creator/3.8.8/resources/resources/3d/engine/editor/assets/default_renderpipeline/builtin-pipeline-settings.ts as cce:/internal/x/cc.
17:29:48.733 debug: Resolve cc from file:///D:/Cocos%203.8.8/Creator/3.8.8/resources/resources/3d/engine/editor/assets/default_renderpipeline/builtin-pipeline-settings.ts as cce:/internal/x/cc.
17:29:48.733 debug: Resolve cc from file:///D:/Cocos%203.8.8/Creator/3.8.8/resources/resources/3d/engine/editor/assets/default_renderpipeline/builtin-pipeline-settings.ts as cce:/internal/x/cc.
17:29:48.733 debug: Resolve cc/env from file:///D:/Cocos%203.8.8/Creator/3.8.8/resources/resources/3d/engine/editor/assets/default_renderpipeline/builtin-pipeline-settings.ts as external dependency cc/env.
17:29:48.734 debug: Resolve ./builtin-pipeline-types from file:///D:/Cocos%203.8.8/Creator/3.8.8/resources/resources/3d/engine/editor/assets/default_renderpipeline/builtin-pipeline-settings.ts as file:///D:/Cocos%203.8.8/Creator/3.8.8/resources/resources/3d/engine/editor/assets/default_renderpipeline/builtin-pipeline-types.ts.
17:29:48.734 debug: Resolve cc from file:///D:/Cocos%203.8.8/Creator/3.8.8/resources/resources/3d/engine/editor/assets/default_renderpipeline/builtin-pipeline-types.ts as cce:/internal/x/cc.
17:29:48.734 debug: Resolve cc from file:///D:/Cocos%203.8.8/Creator/3.8.8/resources/resources/3d/engine/editor/assets/default_renderpipeline/builtin-pipeline-types.ts as cce:/internal/x/cc.
17:29:48.735 debug: Resolve cc from file:///D:/Cocos%203.8.8/Creator/3.8.8/resources/resources/3d/engine/editor/assets/default_renderpipeline/builtin-pipeline-types.ts as cce:/internal/x/cc.
17:29:48.735 debug: Resolve cce:/internal/code-quality/cr.mjs from file:///D:/Cocos%203.8.8/Creator/3.8.8/resources/resources/3d/engine/editor/assets/default_renderpipeline/builtin-pipeline-pass.ts as cce:/internal/code-quality/cr.mjs.
17:29:48.735 debug: Resolve cc from file:///D:/Cocos%203.8.8/Creator/3.8.8/resources/resources/3d/engine/editor/assets/default_renderpipeline/builtin-pipeline-pass.ts as cce:/internal/x/cc.
17:29:48.735 debug: Resolve cc from file:///D:/Cocos%203.8.8/Creator/3.8.8/resources/resources/3d/engine/editor/assets/default_renderpipeline/builtin-pipeline-pass.ts as cce:/internal/x/cc.
17:29:48.735 debug: Resolve cc from file:///D:/Cocos%203.8.8/Creator/3.8.8/resources/resources/3d/engine/editor/assets/default_renderpipeline/builtin-pipeline-pass.ts as cce:/internal/x/cc.
17:29:48.736 debug: Resolve ./builtin-pipeline-settings from file:///D:/Cocos%203.8.8/Creator/3.8.8/resources/resources/3d/engine/editor/assets/default_renderpipeline/builtin-pipeline-pass.ts as file:///D:/Cocos%203.8.8/Creator/3.8.8/resources/resources/3d/engine/editor/assets/default_renderpipeline/builtin-pipeline-settings.ts.
17:29:48.736 debug: Resolve cc/env from file:///D:/Cocos%203.8.8/Creator/3.8.8/resources/resources/3d/engine/editor/assets/default_renderpipeline/builtin-pipeline-pass.ts as external dependency cc/env.
17:29:48.736 debug: Resolve cce:/internal/code-quality/cr.mjs from file:///D:/Cocos%203.8.8/Creator/3.8.8/resources/resources/3d/engine/editor/assets/default_renderpipeline/builtin-pipeline.ts as cce:/internal/code-quality/cr.mjs.
17:29:48.736 debug: Resolve cc from file:///D:/Cocos%203.8.8/Creator/3.8.8/resources/resources/3d/engine/editor/assets/default_renderpipeline/builtin-pipeline.ts as cce:/internal/x/cc.
17:29:48.736 debug: Resolve cc from file:///D:/Cocos%203.8.8/Creator/3.8.8/resources/resources/3d/engine/editor/assets/default_renderpipeline/builtin-pipeline.ts as cce:/internal/x/cc.
17:29:48.736 debug: Resolve cc from file:///D:/Cocos%203.8.8/Creator/3.8.8/resources/resources/3d/engine/editor/assets/default_renderpipeline/builtin-pipeline.ts as cce:/internal/x/cc.
17:29:48.736 debug: Resolve cc/env from file:///D:/Cocos%203.8.8/Creator/3.8.8/resources/resources/3d/engine/editor/assets/default_renderpipeline/builtin-pipeline.ts as external dependency cc/env.
17:29:48.737 debug: Resolve ./builtin-pipeline-types from file:///D:/Cocos%203.8.8/Creator/3.8.8/resources/resources/3d/engine/editor/assets/default_renderpipeline/builtin-pipeline.ts as file:///D:/Cocos%203.8.8/Creator/3.8.8/resources/resources/3d/engine/editor/assets/default_renderpipeline/builtin-pipeline-types.ts.
17:29:48.737 debug: Resolve cc from file:///D:/Cocos%203.8.8/Creator/3.8.8/resources/resources/3d/engine/editor/assets/tools/debug-view-runtime-control.ts as cce:/internal/x/cc.
17:29:48.737 debug: Resolve cc from file:///D:/Cocos%203.8.8/Creator/3.8.8/resources/resources/3d/engine/editor/assets/tools/debug-view-runtime-control.ts as cce:/internal/x/cc.
17:29:48.737 debug: Resolve cc from file:///D:/Cocos%203.8.8/Creator/3.8.8/resources/resources/3d/engine/editor/assets/tools/debug-view-runtime-control.ts as cce:/internal/x/cc.
17:29:48.737 debug: Resolve cce:/internal/code-quality/cr.mjs from file:///E:/TU%20assignment/%E7%AC%AC2%E5%91%A8/PA%20demo/PA-demo-game1/PA-demo-game1/project/NewProject/assets/scripts/PADemo.ts as cce:/internal/code-quality/cr.mjs.
17:29:48.737 debug: Resolve cc from file:///E:/TU%20assignment/%E7%AC%AC2%E5%91%A8/PA%20demo/PA-demo-game1/PA-demo-game1/project/NewProject/assets/scripts/PADemo.ts as cce:/internal/x/cc.
17:29:48.737 debug: Resolve cc from file:///E:/TU%20assignment/%E7%AC%AC2%E5%91%A8/PA%20demo/PA-demo-game1/PA-demo-game1/project/NewProject/assets/scripts/PADemo.ts as cce:/internal/x/cc.
17:29:48.737 debug: Resolve cc from file:///E:/TU%20assignment/%E7%AC%AC2%E5%91%A8/PA%20demo/PA-demo-game1/PA-demo-game1/project/NewProject/assets/scripts/PADemo.ts as cce:/internal/x/cc.
17:29:48.738 debug: Resolve ./ProceduralFactory from file:///E:/TU%20assignment/%E7%AC%AC2%E5%91%A8/PA%20demo/PA-demo-game1/PA-demo-game1/project/NewProject/assets/scripts/PADemo.ts as file:///E:/TU%20assignment/%E7%AC%AC2%E5%91%A8/PA%20demo/PA-demo-game1/PA-demo-game1/project/NewProject/assets/scripts/ProceduralFactory.ts.
17:29:48.738 debug: Resolve cc from file:///E:/TU%20assignment/%E7%AC%AC2%E5%91%A8/PA%20demo/PA-demo-game1/PA-demo-game1/project/NewProject/assets/scripts/ProceduralFactory.ts as cce:/internal/x/cc.
17:29:48.738 debug: Resolve cc from file:///E:/TU%20assignment/%E7%AC%AC2%E5%91%A8/PA%20demo/PA-demo-game1/PA-demo-game1/project/NewProject/assets/scripts/ProceduralFactory.ts as cce:/internal/x/cc.
17:29:48.738 debug: Resolve cc from file:///E:/TU%20assignment/%E7%AC%AC2%E5%91%A8/PA%20demo/PA-demo-game1/PA-demo-game1/project/NewProject/assets/scripts/ProceduralFactory.ts as cce:/internal/x/cc.
17:29:48.750 debug: Target(editor) ends with cost 774.8487999999998ms.
17:29:48.750 debug: Target(preview) build started.
17:29:48.753 debug: Detected change: cce:/internal/x/cc. Last mtime: Thu Jan 01 1970 08:00:05 GMT+0800 (中国标准时间), Current mtime: Thu Jan 01 1970 08:00:11 GMT+0800 (中国标准时间)
17:29:48.753 debug: Inspect cce:/internal/x/cc
17:29:48.765 debug: transform url: 'cce:/internal/x/cc' costs: 12.60 ms
17:29:48.767 debug: Resolve cce:/internal/x/cc-fu/2d from cce:/internal/x/cc as external dependency cce:/internal/x/cc-fu/2d.
17:29:48.767 debug: Resolve cce:/internal/x/cc-fu/sorting from cce:/internal/x/cc as external dependency cce:/internal/x/cc-fu/sorting.
17:29:48.767 debug: Resolve cce:/internal/x/cc-fu/3d from cce:/internal/x/cc as external dependency cce:/internal/x/cc-fu/3d.
17:29:48.767 debug: Resolve cce:/internal/x/cc-fu/affine-transform from cce:/internal/x/cc as external dependency cce:/internal/x/cc-fu/affine-transform.
17:29:48.767 debug: Resolve cce:/internal/x/cc-fu/animation from cce:/internal/x/cc as external dependency cce:/internal/x/cc-fu/animation.
17:29:48.767 debug: Resolve cce:/internal/x/cc-fu/audio from cce:/internal/x/cc as external dependency cce:/internal/x/cc-fu/audio.
17:29:48.767 debug: Resolve cce:/internal/x/cc-fu/base from cce:/internal/x/cc as external dependency cce:/internal/x/cc-fu/base.
17:29:48.767 debug: Resolve cce:/internal/x/cc-fu/custom-pipeline from cce:/internal/x/cc as external dependency cce:/internal/x/cc-fu/custom-pipeline.
17:29:48.767 debug: Resolve cce:/internal/x/cc-fu/dragon-bones from cce:/internal/x/cc as external dependency cce:/internal/x/cc-fu/dragon-bones.
17:29:48.767 debug: Resolve cce:/internal/x/cc-fu/gfx-webgl from cce:/internal/x/cc as external dependency cce:/internal/x/cc-fu/gfx-webgl.
17:29:48.767 debug: Resolve cce:/internal/x/cc-fu/gfx-webgl2 from cce:/internal/x/cc as external dependency cce:/internal/x/cc-fu/gfx-webgl2.
17:29:48.767 debug: Resolve cce:/internal/x/cc-fu/graphics from cce:/internal/x/cc as external dependency cce:/internal/x/cc-fu/graphics.
17:29:48.767 debug: Resolve cce:/internal/x/cc-fu/intersection-2d from cce:/internal/x/cc as external dependency cce:/internal/x/cc-fu/intersection-2d.
17:29:48.767 debug: Resolve cce:/internal/x/cc-fu/mask from cce:/internal/x/cc as external dependency cce:/internal/x/cc-fu/mask.
17:29:48.767 debug: Resolve cce:/internal/x/cc-fu/particle-2d from cce:/internal/x/cc as external dependency cce:/internal/x/cc-fu/particle-2d.
17:29:48.767 debug: Resolve cce:/internal/x/cc-fu/physics-2d-box2d from cce:/internal/x/cc as external dependency cce:/internal/x/cc-fu/physics-2d-box2d.
17:29:48.767 debug: Resolve cce:/internal/x/cc-fu/physics-2d-framework from cce:/internal/x/cc as external dependency cce:/internal/x/cc-fu/physics-2d-framework.
17:29:48.767 debug: Resolve cce:/internal/x/cc-fu/primitive from cce:/internal/x/cc as external dependency cce:/internal/x/cc-fu/primitive.
17:29:48.767 debug: Resolve cce:/internal/x/cc-fu/profiler from cce:/internal/x/cc as external dependency cce:/internal/x/cc-fu/profiler.
17:29:48.767 debug: Resolve cce:/internal/x/cc-fu/rich-text from cce:/internal/x/cc as external dependency cce:/internal/x/cc-fu/rich-text.
17:29:48.767 debug: Resolve cce:/internal/x/cc-fu/spine from cce:/internal/x/cc as external dependency cce:/internal/x/cc-fu/spine.
17:29:48.767 debug: Resolve cce:/internal/x/cc-fu/tiled-map from cce:/internal/x/cc as external dependency cce:/internal/x/cc-fu/tiled-map.
17:29:48.767 debug: Resolve cce:/internal/x/cc-fu/tween from cce:/internal/x/cc as external dependency cce:/internal/x/cc-fu/tween.
17:29:48.768 debug: Resolve cce:/internal/x/cc-fu/ui from cce:/internal/x/cc as external dependency cce:/internal/x/cc-fu/ui.
17:29:48.768 debug: Resolve cce:/internal/x/cc-fu/video from cce:/internal/x/cc as external dependency cce:/internal/x/cc-fu/video.
17:29:48.768 debug: Resolve cce:/internal/x/cc-fu/webview from cce:/internal/x/cc as external dependency cce:/internal/x/cc-fu/webview.
17:29:48.768 debug: Detected change: cce:/internal/x/prerequisite-imports. Last mtime: Thu Jan 01 1970 10:05:30 GMT+0800 (中国标准时间), Current mtime: Thu Jan 01 1970 08:00:12 GMT+0800 (中国标准时间)
17:29:48.768 debug: Inspect cce:/internal/x/prerequisite-imports
17:29:48.776 debug: transform url: 'cce:/internal/x/prerequisite-imports' costs: 7.70 ms
17:29:48.778 debug: Resolve file:///D:/Cocos%203.8.8/Creator/3.8.8/resources/resources/3d/engine/editor/assets/default_renderpipeline/builtin-dof-pass.ts from cce:/internal/x/prerequisite-imports as file:///D:/Cocos%203.8.8/Creator/3.8.8/resources/resources/3d/engine/editor/assets/default_renderpipeline/builtin-dof-pass.ts.
17:29:48.778 debug: Inspect file:///D:/Cocos%203.8.8/Creator/3.8.8/resources/resources/3d/engine/editor/assets/default_renderpipeline/builtin-dof-pass.ts
17:29:48.830 debug: transform url: 'file:///D:/Cocos%203.8.8/Creator/3.8.8/resources/resources/3d/engine/editor/assets/default_renderpipeline/builtin-dof-pass.ts' costs: 51.90 ms
17:29:48.834 debug: Resolve file:///D:/Cocos%203.8.8/Creator/3.8.8/resources/resources/3d/engine/editor/assets/default_renderpipeline/builtin-pipeline-pass.ts from cce:/internal/x/prerequisite-imports as file:///D:/Cocos%203.8.8/Creator/3.8.8/resources/resources/3d/engine/editor/assets/default_renderpipeline/builtin-pipeline-pass.ts.
17:29:48.834 debug: Inspect file:///D:/Cocos%203.8.8/Creator/3.8.8/resources/resources/3d/engine/editor/assets/default_renderpipeline/builtin-pipeline-pass.ts
17:29:48.854 debug: transform url: 'file:///D:/Cocos%203.8.8/Creator/3.8.8/resources/resources/3d/engine/editor/assets/default_renderpipeline/builtin-pipeline-pass.ts' costs: 20.50 ms
17:29:48.858 debug: Resolve file:///D:/Cocos%203.8.8/Creator/3.8.8/resources/resources/3d/engine/editor/assets/default_renderpipeline/builtin-pipeline-settings.ts from cce:/internal/x/prerequisite-imports as file:///D:/Cocos%203.8.8/Creator/3.8.8/resources/resources/3d/engine/editor/assets/default_renderpipeline/builtin-pipeline-settings.ts.
17:29:48.858 debug: Inspect file:///D:/Cocos%203.8.8/Creator/3.8.8/resources/resources/3d/engine/editor/assets/default_renderpipeline/builtin-pipeline-settings.ts
17:29:48.905 debug: transform url: 'file:///D:/Cocos%203.8.8/Creator/3.8.8/resources/resources/3d/engine/editor/assets/default_renderpipeline/builtin-pipeline-settings.ts' costs: 47.60 ms
17:29:48.909 debug: Resolve file:///D:/Cocos%203.8.8/Creator/3.8.8/resources/resources/3d/engine/editor/assets/default_renderpipeline/builtin-pipeline-types.ts from cce:/internal/x/prerequisite-imports as file:///D:/Cocos%203.8.8/Creator/3.8.8/resources/resources/3d/engine/editor/assets/default_renderpipeline/builtin-pipeline-types.ts.
17:29:48.909 debug: Inspect file:///D:/Cocos%203.8.8/Creator/3.8.8/resources/resources/3d/engine/editor/assets/default_renderpipeline/builtin-pipeline-types.ts
17:29:48.949 debug: transform url: 'file:///D:/Cocos%203.8.8/Creator/3.8.8/resources/resources/3d/engine/editor/assets/default_renderpipeline/builtin-pipeline-types.ts' costs: 39.80 ms
17:29:48.953 debug: Resolve file:///D:/Cocos%203.8.8/Creator/3.8.8/resources/resources/3d/engine/editor/assets/default_renderpipeline/builtin-pipeline.ts from cce:/internal/x/prerequisite-imports as file:///D:/Cocos%203.8.8/Creator/3.8.8/resources/resources/3d/engine/editor/assets/default_renderpipeline/builtin-pipeline.ts.
17:29:48.953 debug: Inspect file:///D:/Cocos%203.8.8/Creator/3.8.8/resources/resources/3d/engine/editor/assets/default_renderpipeline/builtin-pipeline.ts
17:29:49.160 debug: transform url: 'file:///D:/Cocos%203.8.8/Creator/3.8.8/resources/resources/3d/engine/editor/assets/default_renderpipeline/builtin-pipeline.ts' costs: 206.90 ms
17:29:49.165 debug: Resolve file:///D:/Cocos%203.8.8/Creator/3.8.8/resources/resources/3d/engine/editor/assets/tools/debug-view-runtime-control.ts from cce:/internal/x/prerequisite-imports as file:///D:/Cocos%203.8.8/Creator/3.8.8/resources/resources/3d/engine/editor/assets/tools/debug-view-runtime-control.ts.
17:29:49.165 debug: Inspect file:///D:/Cocos%203.8.8/Creator/3.8.8/resources/resources/3d/engine/editor/assets/tools/debug-view-runtime-control.ts
17:29:49.223 debug: transform url: 'file:///D:/Cocos%203.8.8/Creator/3.8.8/resources/resources/3d/engine/editor/assets/tools/debug-view-runtime-control.ts' costs: 58.10 ms
17:29:49.227 debug: Resolve file:///E:/TU%20assignment/%E7%AC%AC2%E5%91%A8/PA%20demo/PA-demo-game1/PA-demo-game1/project/NewProject/assets/scripts/PADemo.ts from cce:/internal/x/prerequisite-imports as file:///E:/TU%20assignment/%E7%AC%AC2%E5%91%A8/PA%20demo/PA-demo-game1/PA-demo-game1/project/NewProject/assets/scripts/PADemo.ts.
17:29:49.227 debug: Inspect file:///E:/TU%20assignment/%E7%AC%AC2%E5%91%A8/PA%20demo/PA-demo-game1/PA-demo-game1/project/NewProject/assets/scripts/PADemo.ts
17:29:49.427 debug: transform url: 'file:///E:/TU%20assignment/%E7%AC%AC2%E5%91%A8/PA%20demo/PA-demo-game1/PA-demo-game1/project/NewProject/assets/scripts/PADemo.ts' costs: 199.80 ms
17:29:49.431 debug: Resolve file:///E:/TU%20assignment/%E7%AC%AC2%E5%91%A8/PA%20demo/PA-demo-game1/PA-demo-game1/project/NewProject/assets/scripts/ProceduralFactory.ts from cce:/internal/x/prerequisite-imports as file:///E:/TU%20assignment/%E7%AC%AC2%E5%91%A8/PA%20demo/PA-demo-game1/PA-demo-game1/project/NewProject/assets/scripts/ProceduralFactory.ts.
17:29:49.431 debug: Inspect file:///E:/TU%20assignment/%E7%AC%AC2%E5%91%A8/PA%20demo/PA-demo-game1/PA-demo-game1/project/NewProject/assets/scripts/ProceduralFactory.ts
17:29:49.466 debug: transform url: 'file:///E:/TU%20assignment/%E7%AC%AC2%E5%91%A8/PA%20demo/PA-demo-game1/PA-demo-game1/project/NewProject/assets/scripts/ProceduralFactory.ts' costs: 34.60 ms
17:29:49.469 debug: Resolve cce:/internal/code-quality/cr.mjs from file:///D:/Cocos%203.8.8/Creator/3.8.8/resources/resources/3d/engine/editor/assets/default_renderpipeline/builtin-dof-pass.ts as cce:/internal/code-quality/cr.mjs.
17:29:49.469 debug: Detected change: cce:/internal/code-quality/cr.mjs. Last mtime: Thu Jul 16 2026 13:23:10 GMT+0800 (中国标准时间), Current mtime: Thu Jul 16 2026 17:29:36 GMT+0800 (中国标准时间)
17:29:49.469 debug: Inspect cce:/internal/code-quality/cr.mjs
17:29:49.476 debug: transform url: 'cce:/internal/code-quality/cr.mjs' costs: 6.40 ms
17:29:49.478 debug: Resolve cc from file:///D:/Cocos%203.8.8/Creator/3.8.8/resources/resources/3d/engine/editor/assets/default_renderpipeline/builtin-dof-pass.ts as cce:/internal/x/cc.
17:29:49.478 debug: Resolve cc from file:///D:/Cocos%203.8.8/Creator/3.8.8/resources/resources/3d/engine/editor/assets/default_renderpipeline/builtin-dof-pass.ts as cce:/internal/x/cc.
17:29:49.478 debug: Resolve cc from file:///D:/Cocos%203.8.8/Creator/3.8.8/resources/resources/3d/engine/editor/assets/default_renderpipeline/builtin-dof-pass.ts as cce:/internal/x/cc.
17:29:49.478 debug: Resolve cc/env from file:///D:/Cocos%203.8.8/Creator/3.8.8/resources/resources/3d/engine/editor/assets/default_renderpipeline/builtin-dof-pass.ts as external dependency cc/env.
17:29:49.479 debug: Resolve ./builtin-pipeline-settings from file:///D:/Cocos%203.8.8/Creator/3.8.8/resources/resources/3d/engine/editor/assets/default_renderpipeline/builtin-dof-pass.ts as file:///D:/Cocos%203.8.8/Creator/3.8.8/resources/resources/3d/engine/editor/assets/default_renderpipeline/builtin-pipeline-settings.ts.
17:29:49.480 debug: Resolve ./builtin-pipeline-pass from file:///D:/Cocos%203.8.8/Creator/3.8.8/resources/resources/3d/engine/editor/assets/default_renderpipeline/builtin-dof-pass.ts as file:///D:/Cocos%203.8.8/Creator/3.8.8/resources/resources/3d/engine/editor/assets/default_renderpipeline/builtin-pipeline-pass.ts.
17:29:49.480 debug: Resolve ./builtin-pipeline from file:///D:/Cocos%203.8.8/Creator/3.8.8/resources/resources/3d/engine/editor/assets/default_renderpipeline/builtin-dof-pass.ts as file:///D:/Cocos%203.8.8/Creator/3.8.8/resources/resources/3d/engine/editor/assets/default_renderpipeline/builtin-pipeline.ts.
17:29:49.480 debug: Resolve cce:/internal/code-quality/cr.mjs from file:///D:/Cocos%203.8.8/Creator/3.8.8/resources/resources/3d/engine/editor/assets/default_renderpipeline/builtin-pipeline-settings.ts as cce:/internal/code-quality/cr.mjs.
17:29:49.480 debug: Resolve cc from file:///D:/Cocos%203.8.8/Creator/3.8.8/resources/resources/3d/engine/editor/assets/default_renderpipeline/builtin-pipeline-settings.ts as cce:/internal/x/cc.
17:29:49.481 debug: Resolve cc from file:///D:/Cocos%203.8.8/Creator/3.8.8/resources/resources/3d/engine/editor/assets/default_renderpipeline/builtin-pipeline-settings.ts as cce:/internal/x/cc.
17:29:49.481 debug: Resolve cc from file:///D:/Cocos%203.8.8/Creator/3.8.8/resources/resources/3d/engine/editor/assets/default_renderpipeline/builtin-pipeline-settings.ts as cce:/internal/x/cc.
17:29:49.481 debug: Resolve cc/env from file:///D:/Cocos%203.8.8/Creator/3.8.8/resources/resources/3d/engine/editor/assets/default_renderpipeline/builtin-pipeline-settings.ts as external dependency cc/env.
17:29:49.481 debug: Resolve ./builtin-pipeline-types from file:///D:/Cocos%203.8.8/Creator/3.8.8/resources/resources/3d/engine/editor/assets/default_renderpipeline/builtin-pipeline-settings.ts as file:///D:/Cocos%203.8.8/Creator/3.8.8/resources/resources/3d/engine/editor/assets/default_renderpipeline/builtin-pipeline-types.ts.
17:29:49.481 debug: Resolve cc from file:///D:/Cocos%203.8.8/Creator/3.8.8/resources/resources/3d/engine/editor/assets/default_renderpipeline/builtin-pipeline-types.ts as cce:/internal/x/cc.
17:29:49.481 debug: Resolve cc from file:///D:/Cocos%203.8.8/Creator/3.8.8/resources/resources/3d/engine/editor/assets/default_renderpipeline/builtin-pipeline-types.ts as cce:/internal/x/cc.
17:29:49.481 debug: Resolve cc from file:///D:/Cocos%203.8.8/Creator/3.8.8/resources/resources/3d/engine/editor/assets/default_renderpipeline/builtin-pipeline-types.ts as cce:/internal/x/cc.
17:29:49.481 debug: Resolve cce:/internal/code-quality/cr.mjs from file:///D:/Cocos%203.8.8/Creator/3.8.8/resources/resources/3d/engine/editor/assets/default_renderpipeline/builtin-pipeline-pass.ts as cce:/internal/code-quality/cr.mjs.
17:29:49.481 debug: Resolve cc from file:///D:/Cocos%203.8.8/Creator/3.8.8/resources/resources/3d/engine/editor/assets/default_renderpipeline/builtin-pipeline-pass.ts as cce:/internal/x/cc.
17:29:49.481 debug: Resolve cc from file:///D:/Cocos%203.8.8/Creator/3.8.8/resources/resources/3d/engine/editor/assets/default_renderpipeline/builtin-pipeline-pass.ts as cce:/internal/x/cc.
17:29:49.481 debug: Resolve cc from file:///D:/Cocos%203.8.8/Creator/3.8.8/resources/resources/3d/engine/editor/assets/default_renderpipeline/builtin-pipeline-pass.ts as cce:/internal/x/cc.
17:29:49.482 debug: Resolve ./builtin-pipeline-settings from file:///D:/Cocos%203.8.8/Creator/3.8.8/resources/resources/3d/engine/editor/assets/default_renderpipeline/builtin-pipeline-pass.ts as file:///D:/Cocos%203.8.8/Creator/3.8.8/resources/resources/3d/engine/editor/assets/default_renderpipeline/builtin-pipeline-settings.ts.
17:29:49.482 debug: Resolve cc/env from file:///D:/Cocos%203.8.8/Creator/3.8.8/resources/resources/3d/engine/editor/assets/default_renderpipeline/builtin-pipeline-pass.ts as external dependency cc/env.
17:29:49.482 debug: Resolve cce:/internal/code-quality/cr.mjs from file:///D:/Cocos%203.8.8/Creator/3.8.8/resources/resources/3d/engine/editor/assets/default_renderpipeline/builtin-pipeline.ts as cce:/internal/code-quality/cr.mjs.
17:29:49.482 debug: Resolve cc from file:///D:/Cocos%203.8.8/Creator/3.8.8/resources/resources/3d/engine/editor/assets/default_renderpipeline/builtin-pipeline.ts as cce:/internal/x/cc.
17:29:49.482 debug: Resolve cc from file:///D:/Cocos%203.8.8/Creator/3.8.8/resources/resources/3d/engine/editor/assets/default_renderpipeline/builtin-pipeline.ts as cce:/internal/x/cc.
17:29:49.482 debug: Resolve cc from file:///D:/Cocos%203.8.8/Creator/3.8.8/resources/resources/3d/engine/editor/assets/default_renderpipeline/builtin-pipeline.ts as cce:/internal/x/cc.
17:29:49.482 debug: Resolve cc/env from file:///D:/Cocos%203.8.8/Creator/3.8.8/resources/resources/3d/engine/editor/assets/default_renderpipeline/builtin-pipeline.ts as external dependency cc/env.
17:29:49.484 debug: Resolve ./builtin-pipeline-types from file:///D:/Cocos%203.8.8/Creator/3.8.8/resources/resources/3d/engine/editor/assets/default_renderpipeline/builtin-pipeline.ts as file:///D:/Cocos%203.8.8/Creator/3.8.8/resources/resources/3d/engine/editor/assets/default_renderpipeline/builtin-pipeline-types.ts.
17:29:49.484 debug: Resolve cc from file:///D:/Cocos%203.8.8/Creator/3.8.8/resources/resources/3d/engine/editor/assets/tools/debug-view-runtime-control.ts as cce:/internal/x/cc.
17:29:49.484 debug: Resolve cc from file:///D:/Cocos%203.8.8/Creator/3.8.8/resources/resources/3d/engine/editor/assets/tools/debug-view-runtime-control.ts as cce:/internal/x/cc.
17:29:49.484 debug: Resolve cc from file:///D:/Cocos%203.8.8/Creator/3.8.8/resources/resources/3d/engine/editor/assets/tools/debug-view-runtime-control.ts as cce:/internal/x/cc.
17:29:49.484 debug: Resolve cce:/internal/code-quality/cr.mjs from file:///E:/TU%20assignment/%E7%AC%AC2%E5%91%A8/PA%20demo/PA-demo-game1/PA-demo-game1/project/NewProject/assets/scripts/PADemo.ts as cce:/internal/code-quality/cr.mjs.
17:29:49.484 debug: Resolve cc from file:///E:/TU%20assignment/%E7%AC%AC2%E5%91%A8/PA%20demo/PA-demo-game1/PA-demo-game1/project/NewProject/assets/scripts/PADemo.ts as cce:/internal/x/cc.
17:29:49.484 debug: Resolve cc from file:///E:/TU%20assignment/%E7%AC%AC2%E5%91%A8/PA%20demo/PA-demo-game1/PA-demo-game1/project/NewProject/assets/scripts/PADemo.ts as cce:/internal/x/cc.
17:29:49.484 debug: Resolve cc from file:///E:/TU%20assignment/%E7%AC%AC2%E5%91%A8/PA%20demo/PA-demo-game1/PA-demo-game1/project/NewProject/assets/scripts/PADemo.ts as cce:/internal/x/cc.
17:29:49.485 debug: Resolve ./ProceduralFactory from file:///E:/TU%20assignment/%E7%AC%AC2%E5%91%A8/PA%20demo/PA-demo-game1/PA-demo-game1/project/NewProject/assets/scripts/PADemo.ts as file:///E:/TU%20assignment/%E7%AC%AC2%E5%91%A8/PA%20demo/PA-demo-game1/PA-demo-game1/project/NewProject/assets/scripts/ProceduralFactory.ts.
17:29:49.485 debug: Resolve cc from file:///E:/TU%20assignment/%E7%AC%AC2%E5%91%A8/PA%20demo/PA-demo-game1/PA-demo-game1/project/NewProject/assets/scripts/ProceduralFactory.ts as cce:/internal/x/cc.
17:29:49.485 debug: Resolve cc from file:///E:/TU%20assignment/%E7%AC%AC2%E5%91%A8/PA%20demo/PA-demo-game1/PA-demo-game1/project/NewProject/assets/scripts/ProceduralFactory.ts as cce:/internal/x/cc.
17:29:49.485 debug: Resolve cc from file:///E:/TU%20assignment/%E7%AC%AC2%E5%91%A8/PA%20demo/PA-demo-game1/PA-demo-game1/project/NewProject/assets/scripts/ProceduralFactory.ts as cce:/internal/x/cc.
17:29:49.496 debug: Target(preview) ends with cost 745.5337ms.
17:29:51.567 debug: Pulling asset-db.
17:29:51.801 debug: Fetch asset-db cost: 233.8039000000008ms.
17:29:51.804 debug: Build iteration starts.
Number of accumulated asset changes: 8
Feature changed: false
17:29:51.804 debug: Target(editor) build started.
17:29:51.807 debug: Detected change: cce:/internal/x/prerequisite-imports. Last mtime: Thu Jan 01 1970 08:00:11 GMT+0800 (中国标准时间), Current mtime: Thu Jan 01 1970 08:00:15 GMT+0800 (中国标准时间)
17:29:51.807 debug: Inspect cce:/internal/x/prerequisite-imports
17:29:51.815 debug: transform url: 'cce:/internal/x/prerequisite-imports' costs: 7.80 ms
17:29:51.818 debug: Resolve file:///D:/Cocos%203.8.8/Creator/3.8.8/resources/resources/3d/engine/editor/assets/default_renderpipeline/builtin-dof-pass.ts from cce:/internal/x/prerequisite-imports as file:///D:/Cocos%203.8.8/Creator/3.8.8/resources/resources/3d/engine/editor/assets/default_renderpipeline/builtin-dof-pass.ts.
17:29:51.819 debug: Resolve file:///D:/Cocos%203.8.8/Creator/3.8.8/resources/resources/3d/engine/editor/assets/default_renderpipeline/builtin-pipeline-pass.ts from cce:/internal/x/prerequisite-imports as file:///D:/Cocos%203.8.8/Creator/3.8.8/resources/resources/3d/engine/editor/assets/default_renderpipeline/builtin-pipeline-pass.ts.
17:29:51.820 debug: Resolve file:///D:/Cocos%203.8.8/Creator/3.8.8/resources/resources/3d/engine/editor/assets/default_renderpipeline/builtin-pipeline-settings.ts from cce:/internal/x/prerequisite-imports as file:///D:/Cocos%203.8.8/Creator/3.8.8/resources/resources/3d/engine/editor/assets/default_renderpipeline/builtin-pipeline-settings.ts.
17:29:51.821 debug: Resolve file:///D:/Cocos%203.8.8/Creator/3.8.8/resources/resources/3d/engine/editor/assets/default_renderpipeline/builtin-pipeline-types.ts from cce:/internal/x/prerequisite-imports as file:///D:/Cocos%203.8.8/Creator/3.8.8/resources/resources/3d/engine/editor/assets/default_renderpipeline/builtin-pipeline-types.ts.
17:29:51.822 debug: Resolve file:///D:/Cocos%203.8.8/Creator/3.8.8/resources/resources/3d/engine/editor/assets/default_renderpipeline/builtin-pipeline.ts from cce:/internal/x/prerequisite-imports as file:///D:/Cocos%203.8.8/Creator/3.8.8/resources/resources/3d/engine/editor/assets/default_renderpipeline/builtin-pipeline.ts.
17:29:51.824 debug: Resolve file:///D:/Cocos%203.8.8/Creator/3.8.8/resources/resources/3d/engine/editor/assets/tools/debug-view-runtime-control.ts from cce:/internal/x/prerequisite-imports as file:///D:/Cocos%203.8.8/Creator/3.8.8/resources/resources/3d/engine/editor/assets/tools/debug-view-runtime-control.ts.
17:29:51.825 debug: Resolve file:///E:/TU%20assignment/%E7%AC%AC2%E5%91%A8/PA%20demo/PA-demo-game1/PA-demo-game1/project/NewProject/assets/scripts/PADemo.ts from cce:/internal/x/prerequisite-imports as file:///E:/TU%20assignment/%E7%AC%AC2%E5%91%A8/PA%20demo/PA-demo-game1/PA-demo-game1/project/NewProject/assets/scripts/PADemo.ts.
17:29:51.825 debug: Resolve file:///E:/TU%20assignment/%E7%AC%AC2%E5%91%A8/PA%20demo/PA-demo-game1/PA-demo-game1/project/NewProject/assets/scripts/ProceduralFactory.ts from cce:/internal/x/prerequisite-imports as file:///E:/TU%20assignment/%E7%AC%AC2%E5%91%A8/PA%20demo/PA-demo-game1/PA-demo-game1/project/NewProject/assets/scripts/ProceduralFactory.ts.
17:29:51.841 debug: Target(editor) ends with cost 37.48349999999846ms.
17:29:51.842 debug: Target(preview) build started.
17:29:51.845 debug: Detected change: cce:/internal/x/prerequisite-imports. Last mtime: Thu Jan 01 1970 08:00:12 GMT+0800 (中国标准时间), Current mtime: Thu Jan 01 1970 08:00:15 GMT+0800 (中国标准时间)
17:29:51.845 debug: Inspect cce:/internal/x/prerequisite-imports
17:29:51.853 debug: transform url: 'cce:/internal/x/prerequisite-imports' costs: 8.00 ms
17:29:51.856 debug: Resolve file:///D:/Cocos%203.8.8/Creator/3.8.8/resources/resources/3d/engine/editor/assets/default_renderpipeline/builtin-dof-pass.ts from cce:/internal/x/prerequisite-imports as file:///D:/Cocos%203.8.8/Creator/3.8.8/resources/resources/3d/engine/editor/assets/default_renderpipeline/builtin-dof-pass.ts.
17:29:51.856 debug: Resolve file:///D:/Cocos%203.8.8/Creator/3.8.8/resources/resources/3d/engine/editor/assets/default_renderpipeline/builtin-pipeline-pass.ts from cce:/internal/x/prerequisite-imports as file:///D:/Cocos%203.8.8/Creator/3.8.8/resources/resources/3d/engine/editor/assets/default_renderpipeline/builtin-pipeline-pass.ts.
17:29:51.857 debug: Resolve file:///D:/Cocos%203.8.8/Creator/3.8.8/resources/resources/3d/engine/editor/assets/default_renderpipeline/builtin-pipeline-settings.ts from cce:/internal/x/prerequisite-imports as file:///D:/Cocos%203.8.8/Creator/3.8.8/resources/resources/3d/engine/editor/assets/default_renderpipeline/builtin-pipeline-settings.ts.
17:29:51.858 debug: Resolve file:///D:/Cocos%203.8.8/Creator/3.8.8/resources/resources/3d/engine/editor/assets/default_renderpipeline/builtin-pipeline-types.ts from cce:/internal/x/prerequisite-imports as file:///D:/Cocos%203.8.8/Creator/3.8.8/resources/resources/3d/engine/editor/assets/default_renderpipeline/builtin-pipeline-types.ts.
17:29:51.859 debug: Resolve file:///D:/Cocos%203.8.8/Creator/3.8.8/resources/resources/3d/engine/editor/assets/default_renderpipeline/builtin-pipeline.ts from cce:/internal/x/prerequisite-imports as file:///D:/Cocos%203.8.8/Creator/3.8.8/resources/resources/3d/engine/editor/assets/default_renderpipeline/builtin-pipeline.ts.
17:29:51.861 debug: Resolve file:///D:/Cocos%203.8.8/Creator/3.8.8/resources/resources/3d/engine/editor/assets/tools/debug-view-runtime-control.ts from cce:/internal/x/prerequisite-imports as file:///D:/Cocos%203.8.8/Creator/3.8.8/resources/resources/3d/engine/editor/assets/tools/debug-view-runtime-control.ts.
17:29:51.862 debug: Resolve file:///E:/TU%20assignment/%E7%AC%AC2%E5%91%A8/PA%20demo/PA-demo-game1/PA-demo-game1/project/NewProject/assets/scripts/PADemo.ts from cce:/internal/x/prerequisite-imports as file:///E:/TU%20assignment/%E7%AC%AC2%E5%91%A8/PA%20demo/PA-demo-game1/PA-demo-game1/project/NewProject/assets/scripts/PADemo.ts.
17:29:51.862 debug: Resolve file:///E:/TU%20assignment/%E7%AC%AC2%E5%91%A8/PA%20demo/PA-demo-game1/PA-demo-game1/project/NewProject/assets/scripts/ProceduralFactory.ts from cce:/internal/x/prerequisite-imports as file:///E:/TU%20assignment/%E7%AC%AC2%E5%91%A8/PA%20demo/PA-demo-game1/PA-demo-game1/project/NewProject/assets/scripts/ProceduralFactory.ts.
17:29:51.875 debug: Target(preview) ends with cost 33.572299999999814ms.
